This is XeTeX, Version 3.141592653-2.6-0.999997 (MiKTeX 25.4) (preloaded format=xelatex 2025.11.27)  25 MAY 2026 21:27
entering extended mode
 restricted \write18 enabled.
 %&-line parsing enabled.
**"c:/Users/Bagus Alifah Hasyim/Documents/Computational Engineering RUB/05 - 01
 Fracture Mechanics/_Self Evaluation Report/Fracture-Portfolio/main.tex"

(c:/Users/Bagus Alifah Hasyim/Documents/Computational Engineering RUB/05 - 01 F
racture Mechanics/_Self Evaluation Report/Fracture-Portfolio/main.tex
LaTeX2e <2024-11-01> patch level 2
L3 programming layer <2025-04-29>

(C:\Users\Bagus Alifah Hasyim\AppData\Local\Programs\MiKTeX\tex/latex/base\arti
cle.cls
Document Class: article 2024/06/29 v1.4n Standard LaTeX document class

(C:\Users\Bagus Alifah Hasyim\AppData\Local\Programs\MiKTeX\tex/latex/base\size
12.clo
File: size12.clo 2024/06/29 v1.4n Standard LaTeX file (size option)
)
\c@part=\count268
\c@section=\count269
\c@subsection=\count270
\c@subsubsection=\count271
\c@paragraph=\count272
\c@subparagraph=\count273
\c@figure=\count274
\c@table=\count275
\abovecaptionskip=\skip49
\belowcaptionskip=\skip50
\bibindent=\dimen146
)
(C:\Users\Bagus Alifah Hasyim\AppData\Local\Programs\MiKTeX\tex/latex/base\inpu
tenc.sty
Package: inputenc 2024/02/08 v1.3d Input encoding file
\inpenc@prehook=\toks17
\inpenc@posthook=\toks18


Package inputenc Warning: inputenc package ignored with utf8 based engines.

)
(C:\Users\Bagus Alifah Hasyim\AppData\Local\Programs\MiKTeX\tex/latex/base\font
enc.sty
Package: fontenc 2021/04/29 v2.0v Standard LaTeX package
LaTeX Font Info:    Trying to load font information for T1+lmr on input line 11
6.

(C:\Users\Bagus Alifah Hasyim\AppData\Local\Programs\MiKTeX\tex/latex/lm\t1lmr.
fd
File: t1lmr.fd 2015/05/01 v1.6.1 Font defs for Latin Modern
))
(C:\Users\Bagus Alifah Hasyim\AppData\Local\Programs\MiKTeX\tex/latex/geometry\
geometry.sty
Package: geometry 2020/01/02 v5.9 Page Geometry

(C:\Users\Bagus Alifah Hasyim\AppData\Local\Programs\MiKTeX\tex/latex/graphics\
keyval.sty
Package: keyval 2022/05/29 v1.15 key=value parser (DPC)
\KV@toks@=\toks19
)
(C:\Users\Bagus Alifah Hasyim\AppData\Local\Programs\MiKTeX\tex/generic/iftex\i
fvtex.sty
Package: ifvtex 2019/10/25 v1.7 ifvtex legacy package. Use iftex instead.

(C:\Users\Bagus Alifah Hasyim\AppData\Local\Programs\MiKTeX\tex/generic/iftex\i
ftex.sty
Package: iftex 2024/12/12 v1.0g TeX engine tests
))
\Gm@cnth=\count276
\Gm@cntv=\count277
\c@Gm@tempcnt=\count278
\Gm@bindingoffset=\dimen147
\Gm@wd@mp=\dimen148
\Gm@odd@mp=\dimen149
\Gm@even@mp=\dimen150
\Gm@layoutwidth=\dimen151
\Gm@layoutheight=\dimen152
\Gm@layouthoffset=\dimen153
\Gm@layoutvoffset=\dimen154
\Gm@dimlist=\toks20

(C:\Users\Bagus Alifah Hasyim\AppData\Local\Programs\MiKTeX\tex/latex/geometry\
geometry.cfg))
(C:\Users\Bagus Alifah Hasyim\AppData\Local\Programs\MiKTeX\tex/latex/setspace\
setspace.sty
Package: setspace 2022/12/04 v6.7b set line spacing
)
(C:\Users\Bagus Alifah Hasyim\AppData\Local\Programs\MiKTeX\tex/latex/titlesec\
titlesec.sty
Package: titlesec 2025/01/04 v2.17 Sectioning titles
\ttl@box=\box53
\beforetitleunit=\skip51
\aftertitleunit=\skip52
\ttl@plus=\dimen155
\ttl@minus=\dimen156
\ttl@toksa=\toks21
\titlewidth=\dimen157
\titlewidthlast=\dimen158
\titlewidthfirst=\dimen159
)
(C:\Users\Bagus Alifah Hasyim\AppData\Local\Programs\MiKTeX\tex/latex/tools\bm.
sty
Package: bm 2023/12/19 v1.2f Bold Symbol Support (DPC/FMi)
\symboldoperators=\mathgroup4
\symboldletters=\mathgroup5
\symboldsymbols=\mathgroup6
Package bm Info: No bold for \OMX/cmex/m/n, using \pmb.
LaTeX Font Info:    Redeclaring math alphabet \mathbf on input line 149.
)
(C:\Users\Bagus Alifah Hasyim\AppData\Local\Programs\MiKTeX\tex/latex/amsmath\a
msmath.sty
Package: amsmath 2024/11/05 v2.17t AMS math features
\@mathmargin=\skip53

For additional information on amsmath, use the `?' option.

(C:\Users\Bagus Alifah Hasyim\AppData\Local\Programs\MiKTeX\tex/latex/amsmath\a
mstext.sty
Package: amstext 2021/08/26 v2.01 AMS text

(C:\Users\Bagus Alifah Hasyim\AppData\Local\Programs\MiKTeX\tex/latex/amsmath\a
msgen.sty
File: amsgen.sty 1999/11/30 v2.0 generic functions
\@emptytoks=\toks22
\ex@=\dimen160
))
(C:\Users\Bagus Alifah Hasyim\AppData\Local\Programs\MiKTeX\tex/latex/amsmath\a
msbsy.sty
Package: amsbsy 1999/11/29 v1.2d Bold Symbols
LaTeX Info: Redefining \boldsymbol on input line 28.
\pmbraise@=\dimen161
)
(C:\Users\Bagus Alifah Hasyim\AppData\Local\Programs\MiKTeX\tex/latex/amsmath\a
msopn.sty
Package: amsopn 2022/04/08 v2.04 operator names
)
\inf@bad=\count279
LaTeX Info: Redefining \frac on input line 233.
\uproot@=\count280
\leftroot@=\count281
LaTeX Info: Redefining \overline on input line 398.
LaTeX Info: Redefining \colon on input line 409.
\classnum@=\count282
\DOTSCASE@=\count283
LaTeX Info: Redefining \ldots on input line 495.
LaTeX Info: Redefining \dots on input line 498.
LaTeX Info: Redefining \cdots on input line 619.
\Mathstrutbox@=\box54
\strutbox@=\box55
LaTeX Info: Redefining \big on input line 721.
LaTeX Info: Redefining \Big on input line 722.
LaTeX Info: Redefining \bigg on input line 723.
LaTeX Info: Redefining \Bigg on input line 724.
\big@size=\dimen162
LaTeX Font Info:    Redeclaring font encoding OML on input line 742.
LaTeX Font Info:    Redeclaring font encoding OMS on input line 743.
\macc@depth=\count284
LaTeX Info: Redefining \bmod on input line 904.
LaTeX Info: Redefining \pmod on input line 909.
LaTeX Info: Redefining \smash on input line 939.
LaTeX Info: Redefining \relbar on input line 969.
LaTeX Info: Redefining \Relbar on input line 970.
\c@MaxMatrixCols=\count285
\dotsspace@=\muskip17
\c@parentequation=\count286
\dspbrk@lvl=\count287
\tag@help=\toks23
\row@=\count288
\column@=\count289
\maxfields@=\count290
\andhelp@=\toks24
\eqnshift@=\dimen163
\alignsep@=\dimen164
\tagshift@=\dimen165
\tagwidth@=\dimen166
\totwidth@=\dimen167
\lineht@=\dimen168
\@envbody=\toks25
\multlinegap=\skip54
\multlinetaggap=\skip55
\mathdisplay@stack=\toks26
LaTeX Info: Redefining \[ on input line 2953.
LaTeX Info: Redefining \] on input line 2954.
)
(C:\Users\Bagus Alifah Hasyim\AppData\Local\Programs\MiKTeX\tex/latex/amsfonts\
amssymb.sty
Package: amssymb 2013/01/14 v3.01 AMS font symbols

(C:\Users\Bagus Alifah Hasyim\AppData\Local\Programs\MiKTeX\tex/latex/amsfonts\
amsfonts.sty
Package: amsfonts 2013/01/14 v3.01 Basic AMSFonts support
\symAMSa=\mathgroup7
\symAMSb=\mathgroup8
LaTeX Font Info:    Redeclaring math symbol \hbar on input line 98.
LaTeX Font Info:    Overwriting math alphabet `\mathfrak' in version `bold'
(Font)                  U/euf/m/n --> U/euf/b/n on input line 106.
))
(C:\Users\Bagus Alifah Hasyim\AppData\Local\Programs\MiKTeX\tex/latex/graphics\
graphicx.sty
Package: graphicx 2021/09/16 v1.2d Enhanced LaTeX Graphics (DPC,SPQR)

(C:\Users\Bagus Alifah Hasyim\AppData\Local\Programs\MiKTeX\tex/latex/graphics\
graphics.sty
Package: graphics 2024/08/06 v1.4g Standard LaTeX Graphics (DPC,SPQR)

(C:\Users\Bagus Alifah Hasyim\AppData\Local\Programs\MiKTeX\tex/latex/graphics\
trig.sty
Package: trig 2023/12/02 v1.11 sin cos tan (DPC)
)
(C:\Users\Bagus Alifah Hasyim\AppData\Local\Programs\MiKTeX\tex/latex/graphics-
cfg\graphics.cfg
File: graphics.cfg 2016/06/04 v1.11 sample graphics configuration
)
Package graphics Info: Driver file: xetex.def on input line 106.

(C:\Users\Bagus Alifah Hasyim\AppData\Local\Programs\MiKTeX\tex/latex/graphics-
def\xetex.def
File: xetex.def 2022/09/22 v5.0n Graphics/color driver for xetex
))
\Gin@req@height=\dimen169
\Gin@req@width=\dimen170
)
(C:\Users\Bagus Alifah Hasyim\AppData\Local\Programs\MiKTeX\tex/latex/caption\c
aption.sty
Package: caption 2023/08/05 v3.6o Customizing captions (AR)

(C:\Users\Bagus Alifah Hasyim\AppData\Local\Programs\MiKTeX\tex/latex/caption\c
aption3.sty
Package: caption3 2023/07/31 v2.4d caption3 kernel (AR)
\caption@tempdima=\dimen171
\captionmargin=\dimen172
\caption@leftmargin=\dimen173
\caption@rightmargin=\dimen174
\caption@width=\dimen175
\caption@indent=\dimen176
\caption@parindent=\dimen177
\caption@hangindent=\dimen178
Package caption Info: Standard document class detected.
)
\c@caption@flags=\count291
\c@continuedfloat=\count292
)
(C:\Users\Bagus Alifah Hasyim\AppData\Local\Programs\MiKTeX\tex/latex/float\flo
at.sty
Package: float 2001/11/08 v1.3d Float enhancements (AL)
\c@float@type=\count293
\float@exts=\toks27
\float@box=\box56
\@float@everytoks=\toks28
\@floatcapt=\box57
)
(C:\Users\Bagus Alifah Hasyim\AppData\Local\Programs\MiKTeX\tex/latex/pgf/front
endlayer\tikz.sty
(C:\Users\Bagus Alifah Hasyim\AppData\Local\Programs\MiKTeX\tex/latex/pgf/basic
layer\pgf.sty
(C:\Users\Bagus Alifah Hasyim\AppData\Local\Programs\MiKTeX\tex/latex/pgf/utili
ties\pgfrcs.sty
(C:\Users\Bagus Alifah Hasyim\AppData\Local\Programs\MiKTeX\tex/generic/pgf/uti
lities\pgfutil-common.tex
\pgfutil@everybye=\toks29
\pgfutil@tempdima=\dimen179
\pgfutil@tempdimb=\dimen180
)
(C:\Users\Bagus Alifah Hasyim\AppData\Local\Programs\MiKTeX\tex/generic/pgf/uti
lities\pgfutil-latex.def
\pgfutil@abb=\box58
)
(C:\Users\Bagus Alifah Hasyim\AppData\Local\Programs\MiKTeX\tex/generic/pgf/uti
lities\pgfrcs.code.tex
(C:\Users\Bagus Alifah Hasyim\AppData\Local\Programs\MiKTeX\tex/generic/pgf\pgf
.revision.tex)
Package: pgfrcs 2023-01-15 v3.1.10 (3.1.10)
))
Package: pgf 2023-01-15 v3.1.10 (3.1.10)

(C:\Users\Bagus Alifah Hasyim\AppData\Local\Programs\MiKTeX\tex/latex/pgf/basic
layer\pgfcore.sty
(C:\Users\Bagus Alifah Hasyim\AppData\Local\Programs\MiKTeX\tex/latex/pgf/syste
mlayer\pgfsys.sty
(C:\Users\Bagus Alifah Hasyim\AppData\Local\Programs\MiKTeX\tex/generic/pgf/sys
temlayer\pgfsys.code.tex
Package: pgfsys 2023-01-15 v3.1.10 (3.1.10)

(C:\Users\Bagus Alifah Hasyim\AppData\Local\Programs\MiKTeX\tex/generic/pgf/uti
lities\pgfkeys.code.tex
\pgfkeys@pathtoks=\toks30
\pgfkeys@temptoks=\toks31

(C:\Users\Bagus Alifah Hasyim\AppData\Local\Programs\MiKTeX\tex/generic/pgf/uti
lities\pgfkeyslibraryfiltered.code.tex
\pgfkeys@tmptoks=\toks32
))
\pgf@x=\dimen181
\pgf@y=\dimen182
\pgf@xa=\dimen183
\pgf@ya=\dimen184
\pgf@xb=\dimen185
\pgf@yb=\dimen186
\pgf@xc=\dimen187
\pgf@yc=\dimen188
\pgf@xd=\dimen189
\pgf@yd=\dimen190
\w@pgf@writea=\write3
\r@pgf@reada=\read2
\c@pgf@counta=\count294
\c@pgf@countb=\count295
\c@pgf@countc=\count296
\c@pgf@countd=\count297
\t@pgf@toka=\toks33
\t@pgf@tokb=\toks34
\t@pgf@tokc=\toks35
\pgf@sys@id@count=\count298

(C:\Users\Bagus Alifah Hasyim\AppData\Local\Programs\MiKTeX\tex/generic/pgf/sys
temlayer\pgf.cfg
File: pgf.cfg 2023-01-15 v3.1.10 (3.1.10)
)
Driver file for pgf: pgfsys-xetex.def

(C:\Users\Bagus Alifah Hasyim\AppData\Local\Programs\MiKTeX\tex/generic/pgf/sys
temlayer\pgfsys-xetex.def
File: pgfsys-xetex.def 2023-01-15 v3.1.10 (3.1.10)

(C:\Users\Bagus Alifah Hasyim\AppData\Local\Programs\MiKTeX\tex/generic/pgf/sys
temlayer\pgfsys-dvipdfmx.def
File: pgfsys-dvipdfmx.def 2023-01-15 v3.1.10 (3.1.10)

(C:\Users\Bagus Alifah Hasyim\AppData\Local\Programs\MiKTeX\tex/generic/pgf/sys
temlayer\pgfsys-common-pdf.def
File: pgfsys-common-pdf.def 2023-01-15 v3.1.10 (3.1.10)
)
\pgfsys@objnum=\count299
)))
(C:\Users\Bagus Alifah Hasyim\AppData\Local\Programs\MiKTeX\tex/generic/pgf/sys
temlayer\pgfsyssoftpath.code.tex
File: pgfsyssoftpath.code.tex 2023-01-15 v3.1.10 (3.1.10)
\pgfsyssoftpath@smallbuffer@items=\count300
\pgfsyssoftpath@bigbuffer@items=\count301
)
(C:\Users\Bagus Alifah Hasyim\AppData\Local\Programs\MiKTeX\tex/generic/pgf/sys
temlayer\pgfsysprotocol.code.tex
File: pgfsysprotocol.code.tex 2023-01-15 v3.1.10 (3.1.10)
))
(C:\Users\Bagus Alifah Hasyim\AppData\Local\Programs\MiKTeX\tex/latex/xcolor\xc
olor.sty
Package: xcolor 2024/09/29 v3.02 LaTeX color extensions (UK)

(C:\Users\Bagus Alifah Hasyim\AppData\Local\Programs\MiKTeX\tex/latex/graphics-
cfg\color.cfg
File: color.cfg 2016/01/02 v1.6 sample color configuration
)
Package xcolor Info: Driver file: xetex.def on input line 274.

(C:\Users\Bagus Alifah Hasyim\AppData\Local\Programs\MiKTeX\tex/latex/graphics\
mathcolor.ltx)
Package xcolor Info: Model `cmy' substituted by `cmy0' on input line 1349.
Package xcolor Info: Model `RGB' extended on input line 1365.
Package xcolor Info: Model `HTML' substituted by `rgb' on input line 1367.
Package xcolor Info: Model `Hsb' substituted by `hsb' on input line 1368.
Package xcolor Info: Model `tHsb' substituted by `hsb' on input line 1369.
Package xcolor Info: Model `HSB' substituted by `hsb' on input line 1370.
Package xcolor Info: Model `Gray' substituted by `gray' on input line 1371.
Package xcolor Info: Model `wave' substituted by `hsb' on input line 1372.
)
(C:\Users\Bagus Alifah Hasyim\AppData\Local\Programs\MiKTeX\tex/generic/pgf/bas
iclayer\pgfcore.code.tex
Package: pgfcore 2023-01-15 v3.1.10 (3.1.10)

(C:\Users\Bagus Alifah Hasyim\AppData\Local\Programs\MiKTeX\tex/generic/pgf/mat
h\pgfmath.code.tex
(C:\Users\Bagus Alifah Hasyim\AppData\Local\Programs\MiKTeX\tex/generic/pgf/mat
h\pgfmathutil.code.tex)
(C:\Users\Bagus Alifah Hasyim\AppData\Local\Programs\MiKTeX\tex/generic/pgf/mat
h\pgfmathparser.code.tex
\pgfmath@dimen=\dimen191
\pgfmath@count=\count302
\pgfmath@box=\box59
\pgfmath@toks=\toks36
\pgfmath@stack@operand=\toks37
\pgfmath@stack@operation=\toks38
)
(C:\Users\Bagus Alifah Hasyim\AppData\Local\Programs\MiKTeX\tex/generic/pgf/mat
h\pgfmathfunctions.code.tex)
(C:\Users\Bagus Alifah Hasyim\AppData\Local\Programs\MiKTeX\tex/generic/pgf/mat
h\pgfmathfunctions.basic.code.tex)
(C:\Users\Bagus Alifah Hasyim\AppData\Local\Programs\MiKTeX\tex/generic/pgf/mat
h\pgfmathfunctions.trigonometric.code.tex)
(C:\Users\Bagus Alifah Hasyim\AppData\Local\Programs\MiKTeX\tex/generic/pgf/mat
h\pgfmathfunctions.random.code.tex)
(C:\Users\Bagus Alifah Hasyim\AppData\Local\Programs\MiKTeX\tex/generic/pgf/mat
h\pgfmathfunctions.comparison.code.tex)
(C:\Users\Bagus Alifah Hasyim\AppData\Local\Programs\MiKTeX\tex/generic/pgf/mat
h\pgfmathfunctions.base.code.tex)
(C:\Users\Bagus Alifah Hasyim\AppData\Local\Programs\MiKTeX\tex/generic/pgf/mat
h\pgfmathfunctions.round.code.tex)
(C:\Users\Bagus Alifah Hasyim\AppData\Local\Programs\MiKTeX\tex/generic/pgf/mat
h\pgfmathfunctions.misc.code.tex)
(C:\Users\Bagus Alifah Hasyim\AppData\Local\Programs\MiKTeX\tex/generic/pgf/mat
h\pgfmathfunctions.integerarithmetics.code.tex)
(C:\Users\Bagus Alifah Hasyim\AppData\Local\Programs\MiKTeX\tex/generic/pgf/mat
h\pgfmathcalc.code.tex)
(C:\Users\Bagus Alifah Hasyim\AppData\Local\Programs\MiKTeX\tex/generic/pgf/mat
h\pgfmathfloat.code.tex
\c@pgfmathroundto@lastzeros=\count303
))
(C:\Users\Bagus Alifah Hasyim\AppData\Local\Programs\MiKTeX\tex/generic/pgf/mat
h\pgfint.code.tex)
(C:\Users\Bagus Alifah Hasyim\AppData\Local\Programs\MiKTeX\tex/generic/pgf/bas
iclayer\pgfcorepoints.code.tex
File: pgfcorepoints.code.tex 2023-01-15 v3.1.10 (3.1.10)
\pgf@picminx=\dimen192
\pgf@picmaxx=\dimen193
\pgf@picminy=\dimen194
\pgf@picmaxy=\dimen195
\pgf@pathminx=\dimen196
\pgf@pathmaxx=\dimen197
\pgf@pathminy=\dimen198
\pgf@pathmaxy=\dimen199
\pgf@xx=\dimen256
\pgf@xy=\dimen257
\pgf@yx=\dimen258
\pgf@yy=\dimen259
\pgf@zx=\dimen260
\pgf@zy=\dimen261
)
(C:\Users\Bagus Alifah Hasyim\AppData\Local\Programs\MiKTeX\tex/generic/pgf/bas
iclayer\pgfcorepathconstruct.code.tex
File: pgfcorepathconstruct.code.tex 2023-01-15 v3.1.10 (3.1.10)
\pgf@path@lastx=\dimen262
\pgf@path@lasty=\dimen263
)
(C:\Users\Bagus Alifah Hasyim\AppData\Local\Programs\MiKTeX\tex/generic/pgf/bas
iclayer\pgfcorepathusage.code.tex
File: pgfcorepathusage.code.tex 2023-01-15 v3.1.10 (3.1.10)
\pgf@shorten@end@additional=\dimen264
\pgf@shorten@start@additional=\dimen265
)
(C:\Users\Bagus Alifah Hasyim\AppData\Local\Programs\MiKTeX\tex/generic/pgf/bas
iclayer\pgfcorescopes.code.tex
File: pgfcorescopes.code.tex 2023-01-15 v3.1.10 (3.1.10)
\pgfpic=\box60
\pgf@hbox=\box61
\pgf@layerbox@main=\box62
\pgf@picture@serial@count=\count304
)
(C:\Users\Bagus Alifah Hasyim\AppData\Local\Programs\MiKTeX\tex/generic/pgf/bas
iclayer\pgfcoregraphicstate.code.tex
File: pgfcoregraphicstate.code.tex 2023-01-15 v3.1.10 (3.1.10)
\pgflinewidth=\dimen266
)
(C:\Users\Bagus Alifah Hasyim\AppData\Local\Programs\MiKTeX\tex/generic/pgf/bas
iclayer\pgfcoretransformations.code.tex
File: pgfcoretransformations.code.tex 2023-01-15 v3.1.10 (3.1.10)
\pgf@pt@x=\dimen267
\pgf@pt@y=\dimen268
\pgf@pt@temp=\dimen269
)
(C:\Users\Bagus Alifah Hasyim\AppData\Local\Programs\MiKTeX\tex/generic/pgf/bas
iclayer\pgfcorequick.code.tex
File: pgfcorequick.code.tex 2023-01-15 v3.1.10 (3.1.10)
)
(C:\Users\Bagus Alifah Hasyim\AppData\Local\Programs\MiKTeX\tex/generic/pgf/bas
iclayer\pgfcoreobjects.code.tex
File: pgfcoreobjects.code.tex 2023-01-15 v3.1.10 (3.1.10)
)
(C:\Users\Bagus Alifah Hasyim\AppData\Local\Programs\MiKTeX\tex/generic/pgf/bas
iclayer\pgfcorepathprocessing.code.tex
File: pgfcorepathprocessing.code.tex 2023-01-15 v3.1.10 (3.1.10)
)
(C:\Users\Bagus Alifah Hasyim\AppData\Local\Programs\MiKTeX\tex/generic/pgf/bas
iclayer\pgfcorearrows.code.tex
File: pgfcorearrows.code.tex 2023-01-15 v3.1.10 (3.1.10)
\pgfarrowsep=\dimen270
)
(C:\Users\Bagus Alifah Hasyim\AppData\Local\Programs\MiKTeX\tex/generic/pgf/bas
iclayer\pgfcoreshade.code.tex
File: pgfcoreshade.code.tex 2023-01-15 v3.1.10 (3.1.10)
\pgf@max=\dimen271
\pgf@sys@shading@range@num=\count305
\pgf@shadingcount=\count306
)
(C:\Users\Bagus Alifah Hasyim\AppData\Local\Programs\MiKTeX\tex/generic/pgf/bas
iclayer\pgfcoreimage.code.tex
File: pgfcoreimage.code.tex 2023-01-15 v3.1.10 (3.1.10)
)
(C:\Users\Bagus Alifah Hasyim\AppData\Local\Programs\MiKTeX\tex/generic/pgf/bas
iclayer\pgfcoreexternal.code.tex
File: pgfcoreexternal.code.tex 2023-01-15 v3.1.10 (3.1.10)
\pgfexternal@startupbox=\box63
)
(C:\Users\Bagus Alifah Hasyim\AppData\Local\Programs\MiKTeX\tex/generic/pgf/bas
iclayer\pgfcorelayers.code.tex
File: pgfcorelayers.code.tex 2023-01-15 v3.1.10 (3.1.10)
)
(C:\Users\Bagus Alifah Hasyim\AppData\Local\Programs\MiKTeX\tex/generic/pgf/bas
iclayer\pgfcoretransparency.code.tex
File: pgfcoretransparency.code.tex 2023-01-15 v3.1.10 (3.1.10)
)
(C:\Users\Bagus Alifah Hasyim\AppData\Local\Programs\MiKTeX\tex/generic/pgf/bas
iclayer\pgfcorepatterns.code.tex
File: pgfcorepatterns.code.tex 2023-01-15 v3.1.10 (3.1.10)
)
(C:\Users\Bagus Alifah Hasyim\AppData\Local\Programs\MiKTeX\tex/generic/pgf/bas
iclayer\pgfcorerdf.code.tex
File: pgfcorerdf.code.tex 2023-01-15 v3.1.10 (3.1.10)
)))
(C:\Users\Bagus Alifah Hasyim\AppData\Local\Programs\MiKTeX\tex/generic/pgf/mod
ules\pgfmoduleshapes.code.tex
File: pgfmoduleshapes.code.tex 2023-01-15 v3.1.10 (3.1.10)
\pgfnodeparttextbox=\box64
)
(C:\Users\Bagus Alifah Hasyim\AppData\Local\Programs\MiKTeX\tex/generic/pgf/mod
ules\pgfmoduleplot.code.tex
File: pgfmoduleplot.code.tex 2023-01-15 v3.1.10 (3.1.10)
)
(C:\Users\Bagus Alifah Hasyim\AppData\Local\Programs\MiKTeX\tex/latex/pgf/compa
tibility\pgfcomp-version-0-65.sty
Package: pgfcomp-version-0-65 2023-01-15 v3.1.10 (3.1.10)
\pgf@nodesepstart=\dimen272
\pgf@nodesepend=\dimen273
)
(C:\Users\Bagus Alifah Hasyim\AppData\Local\Programs\MiKTeX\tex/latex/pgf/compa
tibility\pgfcomp-version-1-18.sty
Package: pgfcomp-version-1-18 2023-01-15 v3.1.10 (3.1.10)
))
(C:\Users\Bagus Alifah Hasyim\AppData\Local\Programs\MiKTeX\tex/latex/pgf/utili
ties\pgffor.sty
(C:\Users\Bagus Alifah Hasyim\AppData\Local\Programs\MiKTeX\tex/latex/pgf/utili
ties\pgfkeys.sty
(C:\Users\Bagus Alifah Hasyim\AppData\Local\Programs\MiKTeX\tex/generic/pgf/uti
lities\pgfkeys.code.tex))
(C:\Users\Bagus Alifah Hasyim\AppData\Local\Programs\MiKTeX\tex/latex/pgf/math\
pgfmath.sty
(C:\Users\Bagus Alifah Hasyim\AppData\Local\Programs\MiKTeX\tex/generic/pgf/mat
h\pgfmath.code.tex))
(C:\Users\Bagus Alifah Hasyim\AppData\Local\Programs\MiKTeX\tex/generic/pgf/uti
lities\pgffor.code.tex
Package: pgffor 2023-01-15 v3.1.10 (3.1.10)
\pgffor@iter=\dimen274
\pgffor@skip=\dimen275
\pgffor@stack=\toks39
\pgffor@toks=\toks40
))
(C:\Users\Bagus Alifah Hasyim\AppData\Local\Programs\MiKTeX\tex/generic/pgf/fro
ntendlayer/tikz\tikz.code.tex
Package: tikz 2023-01-15 v3.1.10 (3.1.10)

(C:\Users\Bagus Alifah Hasyim\AppData\Local\Programs\MiKTeX\tex/generic/pgf/lib
raries\pgflibraryplothandlers.code.tex
File: pgflibraryplothandlers.code.tex 2023-01-15 v3.1.10 (3.1.10)
\pgf@plot@mark@count=\count307
\pgfplotmarksize=\dimen276
)
\tikz@lastx=\dimen277
\tikz@lasty=\dimen278
\tikz@lastxsaved=\dimen279
\tikz@lastysaved=\dimen280
\tikz@lastmovetox=\dimen281
\tikz@lastmovetoy=\dimen282
\tikzleveldistance=\dimen283
\tikzsiblingdistance=\dimen284
\tikz@figbox=\box65
\tikz@figbox@bg=\box66
\tikz@tempbox=\box67
\tikz@tempbox@bg=\box68
\tikztreelevel=\count308
\tikznumberofchildren=\count309
\tikznumberofcurrentchild=\count310
\tikz@fig@count=\count311

(C:\Users\Bagus Alifah Hasyim\AppData\Local\Programs\MiKTeX\tex/generic/pgf/mod
ules\pgfmodulematrix.code.tex
File: pgfmodulematrix.code.tex 2023-01-15 v3.1.10 (3.1.10)
\pgfmatrixcurrentrow=\count312
\pgfmatrixcurrentcolumn=\count313
\pgf@matrix@numberofcolumns=\count314
)
\tikz@expandcount=\count315

(C:\Users\Bagus Alifah Hasyim\AppData\Local\Programs\MiKTeX\tex/generic/pgf/fro
ntendlayer/tikz/libraries\tikzlibrarytopaths.code.tex
File: tikzlibrarytopaths.code.tex 2023-01-15 v3.1.10 (3.1.10)
)))
(C:\Users\Bagus Alifah Hasyim\AppData\Local\Programs\MiKTeX\tex/latex/pgfplots\
pgfplots.sty
(C:\Users\Bagus Alifah Hasyim\AppData\Local\Programs\MiKTeX\tex/generic/pgfplot
s\pgfplots.revision.tex)
Package: pgfplots 2021/05/15 v1.18.1 Data Visualization (1.18.1)

(C:\Users\Bagus Alifah Hasyim\AppData\Local\Programs\MiKTeX\tex/generic/pgfplot
s\pgfplots.code.tex
(C:\Users\Bagus Alifah Hasyim\AppData\Local\Programs\MiKTeX\tex/generic/pgfplot
s\pgfplotscore.code.tex
\t@pgfplots@toka=\toks41
\t@pgfplots@tokb=\toks42
\t@pgfplots@tokc=\toks43
\pgfplots@tmpa=\dimen285
\c@pgfplots@coordindex=\count316
\c@pgfplots@scanlineindex=\count317

(C:\Users\Bagus Alifah Hasyim\AppData\Local\Programs\MiKTeX\tex/generic/pgfplot
s/sys\pgfplotssysgeneric.code.tex))
(C:\Users\Bagus Alifah Hasyim\AppData\Local\Programs\MiKTeX\tex/generic/pgfplot
s/libs\pgfplotslibrary.code.tex)
(C:\Users\Bagus Alifah Hasyim\AppData\Local\Programs\MiKTeX\tex/generic/pgfplot
s/oldpgfcompatib\pgfplotsoldpgfsupp_loader.code.tex
(C:\Users\Bagus Alifah Hasyim\AppData\Local\Programs\MiKTeX\tex/generic/pgf/lib
raries\pgflibraryfpu.code.tex)
Package pgfplots: loading complementary utilities for your pgf version...
\t@pgf@toka=\toks44
\t@pgf@tokb=\toks45
\t@pgf@tokc=\toks46

(C:\Users\Bagus Alifah Hasyim\AppData\Local\Programs\MiKTeX\tex/generic/pgfplot
s/oldpgfcompatib\pgfplotsoldpgfsupp_pgfutil-common-lists.tex))
(C:\Users\Bagus Alifah Hasyim\AppData\Local\Programs\MiKTeX\tex/generic/pgfplot
s/util\pgfplotsutil.code.tex
(C:\Users\Bagus Alifah Hasyim\AppData\Local\Programs\MiKTeX\tex/generic/pgfplot
s/liststructure\pgfplotsliststructure.code.tex)
(C:\Users\Bagus Alifah Hasyim\AppData\Local\Programs\MiKTeX\tex/generic/pgfplot
s/liststructure\pgfplotsliststructureext.code.tex)
(C:\Users\Bagus Alifah Hasyim\AppData\Local\Programs\MiKTeX\tex/generic/pgfplot
s/liststructure\pgfplotsarray.code.tex
\c@pgfplotsarray@tmp=\count318
)
(C:\Users\Bagus Alifah Hasyim\AppData\Local\Programs\MiKTeX\tex/generic/pgfplot
s/liststructure\pgfplotsmatrix.code.tex)
(C:\Users\Bagus Alifah Hasyim\AppData\Local\Programs\MiKTeX\tex/generic/pgfplot
s/numtable\pgfplotstableshared.code.tex
\c@pgfplotstable@counta=\count319
\t@pgfplotstable@a=\toks47
)
(C:\Users\Bagus Alifah Hasyim\AppData\Local\Programs\MiKTeX\tex/generic/pgfplot
s/liststructure\pgfplotsdeque.code.tex)
(C:\Users\Bagus Alifah Hasyim\AppData\Local\Programs\MiKTeX\tex/generic/pgfplot
s/util\pgfplotsbinary.code.tex
(C:\Users\Bagus Alifah Hasyim\AppData\Local\Programs\MiKTeX\tex/generic/pgfplot
s/util\pgfplotsbinary.data.code.tex))
(C:\Users\Bagus Alifah Hasyim\AppData\Local\Programs\MiKTeX\tex/generic/pgfplot
s/util\pgfplotsutil.verb.code.tex)
(C:\Users\Bagus Alifah Hasyim\AppData\Local\Programs\MiKTeX\tex/generic/pgfplot
s/libs\pgflibrarypgfplots.surfshading.code.tex
\c@pgfplotslibrarysurf@no=\count320

(C:\Users\Bagus Alifah Hasyim\AppData\Local\Programs\MiKTeX\tex/generic/pgfplot
s/sys\pgflibrarypgfplots.surfshading.pgfsys-xetex.def
(C:\Users\Bagus Alifah Hasyim\AppData\Local\Programs\MiKTeX\tex/generic/pgfplot
s/sys\pgflibrarypgfplots.surfshading.pgfsys-dvipdfmx.def
\c@pgfplotslibrarysurf@streamlen=\count321
))))
(C:\Users\Bagus Alifah Hasyim\AppData\Local\Programs\MiKTeX\tex/generic/pgfplot
s/util\pgfplotscolormap.code.tex
(C:\Users\Bagus Alifah Hasyim\AppData\Local\Programs\MiKTeX\tex/generic/pgfplot
s/util\pgfplotscolor.code.tex))
(C:\Users\Bagus Alifah Hasyim\AppData\Local\Programs\MiKTeX\tex/generic/pgfplot
s\pgfplotsstackedplots.code.tex)
(C:\Users\Bagus Alifah Hasyim\AppData\Local\Programs\MiKTeX\tex/generic/pgfplot
s\pgfplotsplothandlers.code.tex
(C:\Users\Bagus Alifah Hasyim\AppData\Local\Programs\MiKTeX\tex/generic/pgfplot
s\pgfplotsmeshplothandler.code.tex
(C:\Users\Bagus Alifah Hasyim\AppData\Local\Programs\MiKTeX\tex/generic/pgfplot
s\pgfplotsmeshplotimage.code.tex)))
(C:\Users\Bagus Alifah Hasyim\AppData\Local\Programs\MiKTeX\tex/generic/pgfplot
s\pgfplots.scaling.code.tex)
(C:\Users\Bagus Alifah Hasyim\AppData\Local\Programs\MiKTeX\tex/generic/pgfplot
s\pgfplotscoordprocessing.code.tex)
(C:\Users\Bagus Alifah Hasyim\AppData\Local\Programs\MiKTeX\tex/generic/pgfplot
s\pgfplots.errorbars.code.tex)
(C:\Users\Bagus Alifah Hasyim\AppData\Local\Programs\MiKTeX\tex/generic/pgfplot
s\pgfplots.markers.code.tex)
(C:\Users\Bagus Alifah Hasyim\AppData\Local\Programs\MiKTeX\tex/generic/pgfplot
s\pgfplotsticks.code.tex)
(C:\Users\Bagus Alifah Hasyim\AppData\Local\Programs\MiKTeX\tex/generic/pgfplot
s\pgfplots.paths.code.tex)
(C:\Users\Bagus Alifah Hasyim\AppData\Local\Programs\MiKTeX\tex/generic/pgf/fro
ntendlayer/tikz/libraries\tikzlibrarydecorations.code.tex
(C:\Users\Bagus Alifah Hasyim\AppData\Local\Programs\MiKTeX\tex/generic/pgf/mod
ules\pgfmoduledecorations.code.tex
\pgfdecoratedcompleteddistance=\dimen286
\pgfdecoratedremainingdistance=\dimen287
\pgfdecoratedinputsegmentcompleteddistance=\dimen288
\pgfdecoratedinputsegmentremainingdistance=\dimen289
\pgf@decorate@distancetomove=\dimen290
\pgf@decorate@repeatstate=\count322
\pgfdecorationsegmentamplitude=\dimen291
\pgfdecorationsegmentlength=\dimen292
)
\tikz@lib@dec@box=\box69
)
(C:\Users\Bagus Alifah Hasyim\AppData\Local\Programs\MiKTeX\tex/generic/pgf/fro
ntendlayer/tikz/libraries\tikzlibrarydecorations.pathmorphing.code.tex
(C:\Users\Bagus Alifah Hasyim\AppData\Local\Programs\MiKTeX\tex/generic/pgf/lib
raries/decorations\pgflibrarydecorations.pathmorphing.code.tex))
(C:\Users\Bagus Alifah Hasyim\AppData\Local\Programs\MiKTeX\tex/generic/pgf/fro
ntendlayer/tikz/libraries\tikzlibrarydecorations.pathreplacing.code.tex
(C:\Users\Bagus Alifah Hasyim\AppData\Local\Programs\MiKTeX\tex/generic/pgf/lib
raries/decorations\pgflibrarydecorations.pathreplacing.code.tex))
(C:\Users\Bagus Alifah Hasyim\AppData\Local\Programs\MiKTeX\tex/generic/pgfplot
s/libs\tikzlibrarypgfplots.contourlua.code.tex)
\pgfplots@numplots=\count323
\pgfplots@xmin@reg=\dimen293
\pgfplots@xmax@reg=\dimen294
\pgfplots@ymin@reg=\dimen295
\pgfplots@ymax@reg=\dimen296
\pgfplots@zmin@reg=\dimen297
\pgfplots@zmax@reg=\dimen298
)
(C:\Users\Bagus Alifah Hasyim\AppData\Local\Programs\MiKTeX\tex/generic/pgf/fro
ntendlayer/tikz/libraries\tikzlibraryplotmarks.code.tex
File: tikzlibraryplotmarks.code.tex 2023-01-15 v3.1.10 (3.1.10)

(C:\Users\Bagus Alifah Hasyim\AppData\Local\Programs\MiKTeX\tex/generic/pgf/lib
raries\pgflibraryplotmarks.code.tex
File: pgflibraryplotmarks.code.tex 2023-01-15 v3.1.10 (3.1.10)
)))
(C:\Users\Bagus Alifah Hasyim\AppData\Local\Programs\MiKTeX\tex/latex/booktabs\
booktabs.sty
Package: booktabs 2020/01/12 v1.61803398 Publication quality tables
\heavyrulewidth=\dimen299
\lightrulewidth=\dimen300
\cmidrulewidth=\dimen301
\belowrulesep=\dimen302
\belowbottomsep=\dimen303
\aboverulesep=\dimen304
\abovetopsep=\dimen305
\cmidrulesep=\dimen306
\cmidrulekern=\dimen307
\defaultaddspace=\dimen308
\@cmidla=\count324
\@cmidlb=\count325
\@aboverulesep=\dimen309
\@belowrulesep=\dimen310
\@thisruleclass=\count326
\@lastruleclass=\count327
\@thisrulewidth=\dimen311
)
(C:\Users\Bagus Alifah Hasyim\AppData\Local\Programs\MiKTeX\tex/latex/tools\lon
gtable.sty
Package: longtable 2024-10-27 v4.22 Multi-page Table package (DPC)
\LTleft=\skip56
\LTright=\skip57
\LTpre=\skip58
\LTpost=\skip59
\LTchunksize=\count328
\LTcapwidth=\dimen312
\LT@head=\box70
\LT@firsthead=\box71
\LT@foot=\box72
\LT@lastfoot=\box73
\LT@gbox=\box74
\LT@cols=\count329
\LT@rows=\count330
\c@LT@tables=\count331
\c@LT@chunks=\count332
\LT@p@ftn=\toks48
)
(C:\Users\Bagus Alifah Hasyim\AppData\Local\Programs\MiKTeX\tex/latex/tools\tab
ularx.sty
Package: tabularx 2023/12/11 v2.12a `tabularx' package (DPC)

(C:\Users\Bagus Alifah Hasyim\AppData\Local\Programs\MiKTeX\tex/latex/tools\arr
ay.sty
Package: array 2024/10/17 v2.6g Tabular extension package (FMi)
\col@sep=\dimen313
\ar@mcellbox=\box75
\extrarowheight=\dimen314
\NC@list=\toks49
\extratabsurround=\skip60
\backup@length=\skip61
\ar@cellbox=\box76
)
\TX@col@width=\dimen315
\TX@old@table=\dimen316
\TX@old@col=\dimen317
\TX@target=\dimen318
\TX@delta=\dimen319
\TX@cols=\count333
\TX@ftn=\toks50
)
(C:\Users\Bagus Alifah Hasyim\AppData\Local\Programs\MiKTeX\tex/latex/tcolorbox
\tcolorbox.sty
Package: tcolorbox 2025/05/20 version 6.5.0 text color boxes

(C:\Users\Bagus Alifah Hasyim\AppData\Local\Programs\MiKTeX\tex/latex/tools\ver
batim.sty
Package: verbatim 2024-01-22 v1.5x LaTeX2e package for verbatim enhancements
\every@verbatim=\toks51
\verbatim@line=\toks52
\verbatim@in@stream=\read3
)
(C:\Users\Bagus Alifah Hasyim\AppData\Local\Programs\MiKTeX\tex/latex/environ\e
nviron.sty
Package: environ 2014/05/04 v0.3 A new way to define environments

(C:\Users\Bagus Alifah Hasyim\AppData\Local\Programs\MiKTeX\tex/latex/trimspace
s\trimspaces.sty
Package: trimspaces 2009/09/17 v1.1 Trim spaces around a token list
))
(C:\Users\Bagus Alifah Hasyim\AppData\Local\Programs\MiKTeX\tex/latex/etoolbox\
etoolbox.sty
Package: etoolbox 2025/02/11 v2.5l e-TeX tools for LaTeX (JAW)
\etb@tempcnta=\count334
)
\tcb@titlebox=\box77
\tcb@upperbox=\box78
\tcb@lowerbox=\box79
\tcb@phantombox=\box80
\c@tcbbreakpart=\count335
\c@tcblayer=\count336
\c@tcolorbox@number=\count337
\l__tcobox_tmpa_box=\box81
\l__tcobox_tmpa_dim=\dimen320
\tcb@temp=\box82
\tcb@temp=\box83
\tcb@temp=\box84
\tcb@temp=\box85

(C:\Users\Bagus Alifah Hasyim\AppData\Local\Programs\MiKTeX\tex/latex/tcolorbox
\tcbraster.code.tex
Library (tcolorbox): 'tcbraster.code.tex' version '6.5.0'
\c@tcbrastercolumn=\count338
\c@tcbrasterrow=\count339
\c@tcbrasternum=\count340
\c@tcbraster=\count341
)
(C:\Users\Bagus Alifah Hasyim\AppData\Local\Programs\MiKTeX\tex/latex/tcolorbox
\tcbskins.code.tex
Library (tcolorbox): 'tcbskins.code.tex' version '6.5.0'

(C:\Users\Bagus Alifah Hasyim\AppData\Local\Programs\MiKTeX\tex/latex/tikzfill\
tikzfill.image.sty
Package: tikzfill.image 2023/08/08 v1.0.1 Image filling library for TikZ

(C:\Users\Bagus Alifah Hasyim\AppData\Local\Programs\MiKTeX\tex/latex/tikzfill\
tikzfill-common.sty
Package: tikzfill-common 2023/08/08 v1.0.1 Auxiliary code for tikzfill
)
(C:\Users\Bagus Alifah Hasyim\AppData\Local\Programs\MiKTeX\tex/latex/tikzfill\
tikzlibraryfill.image.code.tex
File: tikzlibraryfill.image.code.tex 2023/08/08 v1.0.1 Image filling library
\l__tikzfill_img_box=\box86
))
(C:\Users\Bagus Alifah Hasyim\AppData\Local\Programs\MiKTeX\tex/latex/tcolorbox
\tcbskinsjigsaw.code.tex
Library (tcolorbox): 'tcbskinsjigsaw.code.tex' version '6.5.0'
))
(C:\Users\Bagus Alifah Hasyim\AppData\Local\Programs\MiKTeX\tex/latex/tcolorbox
\tcbbreakable.code.tex
Library (tcolorbox): 'tcbbreakable.code.tex' version '6.5.0'

(C:\Users\Bagus Alifah Hasyim\AppData\Local\Programs\MiKTeX\tex/latex/pdfcol\pd
fcol.sty
Package: pdfcol 2022-09-21 v1.7 Handle new color stacks for pdfTeX (HO)

(C:\Users\Bagus Alifah Hasyim\AppData\Local\Programs\MiKTeX\tex/generic/ltxcmds
\ltxcmds.sty
Package: ltxcmds 2023-12-04 v1.26 LaTeX kernel commands for general use (HO)
)
(C:\Users\Bagus Alifah Hasyim\AppData\Local\Programs\MiKTeX\tex/generic/infware
rr\infwarerr.sty
Package: infwarerr 2019/12/03 v1.5 Providing info/warning/error messages (HO)
)
Package pdfcol Info: Interface disabled because of missing PDF mode of pdfTeX.
)
Package pdfcol Info: pdfTeX's color stacks are not available.
\tcb@testbox=\box87
\tcb@totalupperbox=\box88
\tcb@totallowerbox=\box89
)
(C:\Users\Bagus Alifah Hasyim\AppData\Local\Programs\MiKTeX\tex/latex/tcolorbox
\tcbhooks.code.tex
Library (tcolorbox): 'tcbhooks.code.tex' version '6.5.0'
)
(C:\Users\Bagus Alifah Hasyim\AppData\Local\Programs\MiKTeX\tex/latex/tcolorbox
\tcbtheorems.code.tex
Library (tcolorbox): 'tcbtheorems.code.tex' version '6.5.0'
)
(C:\Users\Bagus Alifah Hasyim\AppData\Local\Programs\MiKTeX\tex/latex/tcolorbox
\tcbfitting.code.tex
Library (tcolorbox): 'tcbfitting.code.tex' version '6.5.0'
\tcbfitdim=\dimen321
\tcb@lowerfitdim=\dimen322
\tcb@upperfitdim=\dimen323
\tcb@cur@hbadness=\count342
)
(C:\Users\Bagus Alifah Hasyim\AppData\Local\Programs\MiKTeX\tex/latex/tcolorbox
\tcblistingsutf8.code.tex
Library (tcolorbox): 'tcblistingsutf8.code.tex' version '6.5.0'

(C:\Users\Bagus Alifah Hasyim\AppData\Local\Programs\MiKTeX\tex/latex/tcolorbox
\tcblistings.code.tex
Library (tcolorbox): 'tcblistings.code.tex' version '6.5.0'

(C:\Users\Bagus Alifah Hasyim\AppData\Local\Programs\MiKTeX\tex/latex/listings\
listings.sty
\lst@mode=\count343
\lst@gtempboxa=\box90
\lst@token=\toks53
\lst@length=\count344
\lst@currlwidth=\dimen324
\lst@column=\count345
\lst@pos=\count346
\lst@lostspace=\dimen325
\lst@width=\dimen326
\lst@newlines=\count347
\lst@lineno=\count348
\lst@maxwidth=\dimen327

(C:\Users\Bagus Alifah Hasyim\AppData\Local\Programs\MiKTeX\tex/latex/listings\
lstpatch.sty
File: lstpatch.sty 2024/09/23 1.10c (Carsten Heinz)
)
(C:\Users\Bagus Alifah Hasyim\AppData\Local\Programs\MiKTeX\tex/latex/listings\
lstmisc.sty
File: lstmisc.sty 2024/09/23 1.10c (Carsten Heinz)
\c@lstnumber=\count349
\lst@skipnumbers=\count350
\lst@framebox=\box91
)
(C:\Users\Bagus Alifah Hasyim\AppData\Local\Programs\MiKTeX\tex/latex/listings\
listings.cfg
File: listings.cfg 2024/09/23 1.10c listings configuration
))
Package: listings 2024/09/23 1.10c (Carsten Heinz)

(C:\Users\Bagus Alifah Hasyim\AppData\Local\Programs\MiKTeX\tex/latex/tcolorbox
\tcblistingscore.code.tex
Library (tcolorbox): 'tcblistingscore.code.tex' version '6.5.0'

(C:\Users\Bagus Alifah Hasyim\AppData\Local\Programs\MiKTeX\tex/latex/tcolorbox
\tcbprocessing.code.tex
Library (tcolorbox): 'tcbprocessing.code.tex' version '6.5.0'
)
\c@tcblisting=\count351
))
Package tcolorbox Info: Library `listingsutf8' is compatible with pdftex only. 
Library `listings` is loaded instead. on input line 29.
)
(C:\Users\Bagus Alifah Hasyim\AppData\Local\Programs\MiKTeX\tex/latex/tcolorbox
\tcbexternal.code.tex
Library (tcolorbox): 'tcbexternal.code.tex' version '6.5.0'
)
(C:\Users\Bagus Alifah Hasyim\AppData\Local\Programs\MiKTeX\tex/latex/tcolorbox
\tcbmagazine.code.tex
Library (tcolorbox): 'tcbmagazine.code.tex' version '6.5.0'
)
(C:\Users\Bagus Alifah Hasyim\AppData\Local\Programs\MiKTeX\tex/latex/tcolorbox
\tcbvignette.code.tex
Library (tcolorbox): 'tcbvignette.code.tex' version '6.5.0'

(C:\Users\Bagus Alifah Hasyim\AppData\Local\Programs\MiKTeX\tex/generic/pgf/fro
ntendlayer/tikz/libraries\tikzlibraryfadings.code.tex
File: tikzlibraryfadings.code.tex 2023-01-15 v3.1.10 (3.1.10)

(C:\Users\Bagus Alifah Hasyim\AppData\Local\Programs\MiKTeX\tex/generic/pgf/lib
raries\pgflibraryfadings.code.tex
File: pgflibraryfadings.code.tex 2023-01-15 v3.1.10 (3.1.10)
)))
(C:\Users\Bagus Alifah Hasyim\AppData\Local\Programs\MiKTeX\tex/latex/tcolorbox
\tcbposter.code.tex
Library (tcolorbox): 'tcbposter.code.tex' version '6.5.0'
))
(C:\Users\Bagus Alifah Hasyim\AppData\Local\Programs\MiKTeX\tex/latex/url\url.s
ty
\Urlmuskip=\muskip18
Package: url 2013/09/16  ver 3.4  Verb mode for urls, etc.
)
(C:\Users\Bagus Alifah Hasyim\AppData\Local\Programs\MiKTeX\tex/latex/hyperref\
hyperref.sty
Package: hyperref 2025-05-20 v7.01m Hypertext links for LaTeX

(C:\Users\Bagus Alifah Hasyim\AppData\Local\Programs\MiKTeX\tex/latex/kvsetkeys
\kvsetkeys.sty
Package: kvsetkeys 2022-10-05 v1.19 Key value parser (HO)
)
(C:\Users\Bagus Alifah Hasyim\AppData\Local\Programs\MiKTeX\tex/generic/kvdefin
ekeys\kvdefinekeys.sty
Package: kvdefinekeys 2019-12-19 v1.6 Define keys (HO)
)
(C:\Users\Bagus Alifah Hasyim\AppData\Local\Programs\MiKTeX\tex/generic/pdfesca
pe\pdfescape.sty
Package: pdfescape 2019/12/09 v1.15 Implements pdfTeX's escape features (HO)

(C:\Users\Bagus Alifah Hasyim\AppData\Local\Programs\MiKTeX\tex/generic/pdftexc
mds\pdftexcmds.sty
Package: pdftexcmds 2020-06-27 v0.33 Utility functions of pdfTeX for LuaTeX (HO
)
Package pdftexcmds Info: \pdf@primitive is available.
Package pdftexcmds Info: \pdf@ifprimitive is available.
Package pdftexcmds Info: \pdfdraftmode not found.
))
(C:\Users\Bagus Alifah Hasyim\AppData\Local\Programs\MiKTeX\tex/latex/hycolor\h
ycolor.sty
Package: hycolor 2020-01-27 v1.10 Color options for hyperref/bookmark (HO)
)
(C:\Users\Bagus Alifah Hasyim\AppData\Local\Programs\MiKTeX\tex/latex/hyperref\
nameref.sty
Package: nameref 2023-11-26 v2.56 Cross-referencing by name of section

(C:\Users\Bagus Alifah Hasyim\AppData\Local\Programs\MiKTeX\tex/latex/refcount\
refcount.sty
Package: refcount 2019/12/15 v3.6 Data extraction from label references (HO)
)
(C:\Users\Bagus Alifah Hasyim\AppData\Local\Programs\MiKTeX\tex/generic/gettitl
estring\gettitlestring.sty
Package: gettitlestring 2019/12/15 v1.6 Cleanup title references (HO)

(C:\Users\Bagus Alifah Hasyim\AppData\Local\Programs\MiKTeX\tex/latex/kvoptions
\kvoptions.sty
Package: kvoptions 2022-06-15 v3.15 Key value format for package options (HO)
))
\c@section@level=\count352
)
(C:\Users\Bagus Alifah Hasyim\AppData\Local\Programs\MiKTeX\tex/generic/stringe
nc\stringenc.sty
Package: stringenc 2019/11/29 v1.12 Convert strings between diff. encodings (HO
)
)
\@linkdim=\dimen328
\Hy@linkcounter=\count353
\Hy@pagecounter=\count354

(C:\Users\Bagus Alifah Hasyim\AppData\Local\Programs\MiKTeX\tex/latex/hyperref\
pd1enc.def
File: pd1enc.def 2025-05-20 v7.01m Hyperref: PDFDocEncoding definition (HO)
)
(C:\Users\Bagus Alifah Hasyim\AppData\Local\Programs\MiKTeX\tex/generic/intcalc
\intcalc.sty
Package: intcalc 2019/12/15 v1.3 Expandable calculations with integers (HO)
)
\Hy@SavedSpaceFactor=\count355

(C:\Users\Bagus Alifah Hasyim\AppData\Local\Programs\MiKTeX\tex/latex/hyperref\
puenc.def
File: puenc.def 2025-05-20 v7.01m Hyperref: PDF Unicode definition (HO)
)
Package hyperref Info: Hyper figures OFF on input line 4157.
Package hyperref Info: Link nesting OFF on input line 4162.
Package hyperref Info: Hyper index ON on input line 4165.
Package hyperref Info: Plain pages OFF on input line 4172.
Package hyperref Info: Backreferencing OFF on input line 4177.
Package hyperref Info: Implicit mode ON; LaTeX internals redefined.
Package hyperref Info: Bookmarks ON on input line 4424.
\c@Hy@tempcnt=\count356
LaTeX Info: Redefining \url on input line 4763.
\XeTeXLinkMargin=\dimen329

(C:\Users\Bagus Alifah Hasyim\AppData\Local\Programs\MiKTeX\tex/generic/bitset\
bitset.sty
Package: bitset 2019/12/09 v1.3 Handle bit-vector datatype (HO)

(C:\Users\Bagus Alifah Hasyim\AppData\Local\Programs\MiKTeX\tex/generic/bigintc
alc\bigintcalc.sty
Package: bigintcalc 2019/12/15 v1.5 Expandable calculations on big integers (HO
)
))
\Fld@menulength=\count357
\Field@Width=\dimen330
\Fld@charsize=\dimen331
Package hyperref Info: Hyper figures OFF on input line 6042.
Package hyperref Info: Link nesting OFF on input line 6047.
Package hyperref Info: Hyper index ON on input line 6050.
Package hyperref Info: backreferencing OFF on input line 6057.
Package hyperref Info: Link coloring OFF on input line 6062.
Package hyperref Info: Link coloring with OCG OFF on input line 6067.
Package hyperref Info: PDF/A mode OFF on input line 6072.

(C:\Users\Bagus Alifah Hasyim\AppData\Local\Programs\MiKTeX\tex/latex/base\atbe
gshi-ltx.sty
Package: atbegshi-ltx 2021/01/10 v1.0c Emulation of the original atbegshi
package with kernel methods
)
\Hy@abspage=\count358
\c@Item=\count359
\c@Hfootnote=\count360
)
Package hyperref Info: Driver (autodetected): hxetex.

(C:\Users\Bagus Alifah Hasyim\AppData\Local\Programs\MiKTeX\tex/latex/hyperref\
hxetex.def
File: hxetex.def 2025-05-20 v7.01m Hyperref driver for XeTeX
\pdfm@box=\box92
\c@Hy@AnnotLevel=\count361
\HyField@AnnotCount=\count362
\Fld@listcount=\count363
\c@bookmark@seq@number=\count364

(C:\Users\Bagus Alifah Hasyim\AppData\Local\Programs\MiKTeX\tex/latex/rerunfile
check\rerunfilecheck.sty
Package: rerunfilecheck 2022-07-10 v1.10 Rerun checks for auxiliary files (HO)

(C:\Users\Bagus Alifah Hasyim\AppData\Local\Programs\MiKTeX\tex/latex/base\atve
ryend-ltx.sty
Package: atveryend-ltx 2020/08/19 v1.0a Emulation of the original atveryend pac
kage
with kernel methods
)
(C:\Users\Bagus Alifah Hasyim\AppData\Local\Programs\MiKTeX\tex/generic/uniquec
ounter\uniquecounter.sty
Package: uniquecounter 2019/12/15 v1.4 Provide unlimited unique counter (HO)
)
Package uniquecounter Info: New unique counter `rerunfilecheck' on input line 2
85.
)
\Hy@SectionHShift=\skip62
)
\c@tcb@cnt@Summary=\count365

(C:\Users\Bagus Alifah Hasyim\AppData\Local\Programs\MiKTeX\tex/latex/biblatex\
biblatex.sty
Package: biblatex 2024/03/21 v3.20 programmable bibliographies (PK/MW)

(C:\Users\Bagus Alifah Hasyim\AppData\Local\Programs\MiKTeX\tex/latex/logreq\lo
greq.sty
Package: logreq 2010/08/04 v1.0 xml request logger
\lrq@indent=\count366

(C:\Users\Bagus Alifah Hasyim\AppData\Local\Programs\MiKTeX\tex/latex/logreq\lo
greq.def
File: logreq.def 2010/08/04 v1.0 logreq spec v1.0
))
(C:\Users\Bagus Alifah Hasyim\AppData\Local\Programs\MiKTeX\tex/latex/base\ifth
en.sty
Package: ifthen 2024/03/16 v1.1e Standard LaTeX ifthen package (DPC)
)
\c@tabx@nest=\count367
\c@listtotal=\count368
\c@listcount=\count369
\c@liststart=\count370
\c@liststop=\count371
\c@citecount=\count372
\c@citetotal=\count373
\c@multicitecount=\count374
\c@multicitetotal=\count375
\c@instcount=\count376
\c@maxnames=\count377
\c@minnames=\count378
\c@maxitems=\count379
\c@minitems=\count380
\c@citecounter=\count381
\c@maxcitecounter=\count382
\c@savedcitecounter=\count383
\c@uniquelist=\count384
\c@uniquename=\count385
\c@refsection=\count386
\c@refsegment=\count387
\c@maxextratitle=\count388
\c@maxextratitleyear=\count389
\c@maxextraname=\count390
\c@maxextradate=\count391
\c@maxextraalpha=\count392
\c@abbrvpenalty=\count393
\c@highnamepenalty=\count394
\c@lownamepenalty=\count395
\c@maxparens=\count396
\c@parenlevel=\count397
\blx@tempcnta=\count398
\blx@tempcntb=\count399
\blx@tempcntc=\count400
\c@blx@maxsection=\count401
\blx@maxsegment@0=\count402
\blx@notetype=\count403
\blx@parenlevel@text=\count404
\blx@parenlevel@foot=\count405
\blx@sectionciteorder@0=\count406
\blx@sectionciteorderinternal@0=\count407
\blx@entrysetcounter=\count408
\blx@biblioinstance=\count409
\labelnumberwidth=\skip63
\labelalphawidth=\skip64
\biblabelsep=\skip65
\bibitemsep=\skip66
\bibnamesep=\skip67
\bibinitsep=\skip68
\bibparsep=\skip69
\bibhang=\skip70
\blx@bcfin=\read4
\blx@bcfout=\write4
\blx@langwohyphens=\language79
\c@mincomprange=\count410
\c@maxcomprange=\count411
\c@mincompwidth=\count412
Package biblatex Info: Trying to load biblatex default data model...
Package biblatex Info: ... file 'blx-dm.def' found.

(C:\Users\Bagus Alifah Hasyim\AppData\Local\Programs\MiKTeX\tex/latex/biblatex\
blx-dm.def
File: blx-dm.def 2024/03/21 v3.20 biblatex datamodel (PK/MW)
)
Package biblatex Info: Trying to load biblatex style data model...
Package biblatex Info: ... file 'numeric.dbx' not found.
Package biblatex Info: Trying to load biblatex custom data model...
Package biblatex Info: ... file 'biblatex-dm.cfg' not found.
\c@afterword=\count413
\c@savedafterword=\count414
\c@annotator=\count415
\c@savedannotator=\count416
\c@author=\count417
\c@savedauthor=\count418
\c@bookauthor=\count419
\c@savedbookauthor=\count420
\c@commentator=\count421
\c@savedcommentator=\count422
\c@editor=\count423
\c@savededitor=\count424
\c@editora=\count425
\c@savededitora=\count426
\c@editorb=\count427
\c@savededitorb=\count428
\c@editorc=\count429
\c@savededitorc=\count430
\c@foreword=\count431
\c@savedforeword=\count432
\c@holder=\count433
\c@savedholder=\count434
\c@introduction=\count435
\c@savedintroduction=\count436
\c@namea=\count437
\c@savednamea=\count438
\c@nameb=\count439
\c@savednameb=\count440
\c@namec=\count441
\c@savednamec=\count442
\c@translator=\count443
\c@savedtranslator=\count444
\c@shortauthor=\count445
\c@savedshortauthor=\count446
\c@shorteditor=\count447
\c@savedshorteditor=\count448
\c@labelname=\count449
\c@savedlabelname=\count450
\c@institution=\count451
\c@savedinstitution=\count452
\c@lista=\count453
\c@savedlista=\count454
\c@listb=\count455
\c@savedlistb=\count456
\c@listc=\count457
\c@savedlistc=\count458
\c@listd=\count459
\c@savedlistd=\count460
\c@liste=\count461
\c@savedliste=\count462
\c@listf=\count463
\c@savedlistf=\count464
\c@location=\count465
\c@savedlocation=\count466
\c@organization=\count467
\c@savedorganization=\count468
\c@origlocation=\count469
\c@savedoriglocation=\count470
\c@origpublisher=\count471
\c@savedorigpublisher=\count472
\c@publisher=\count473
\c@savedpublisher=\count474
\c@language=\count475
\c@savedlanguage=\count476
\c@origlanguage=\count477
\c@savedoriglanguage=\count478
\c@pageref=\count479
\c@savedpageref=\count480
\shorthandwidth=\skip71
\shortjournalwidth=\skip72
\shortserieswidth=\skip73
\shorttitlewidth=\skip74
\shortauthorwidth=\skip75
\shorteditorwidth=\skip76
\locallabelnumberwidth=\skip77
\locallabelalphawidth=\skip78
\localshorthandwidth=\skip79
\localshortjournalwidth=\skip80
\localshortserieswidth=\skip81
\localshorttitlewidth=\skip82
\localshortauthorwidth=\skip83
\localshorteditorwidth=\skip84
Package biblatex Info: Trying to load enhanced support for Unicode engines...
Package biblatex Info: ... file 'blx-unicode.def' found.

(C:\Users\Bagus Alifah Hasyim\AppData\Local\Programs\MiKTeX\tex/latex/biblatex\
blx-unicode.def)
Package biblatex Info: Trying to load compatibility code...
Package biblatex Info: ... file 'blx-compat.def' found.

(C:\Users\Bagus Alifah Hasyim\AppData\Local\Programs\MiKTeX\tex/latex/biblatex\
blx-compat.def
File: blx-compat.def 2024/03/21 v3.20 biblatex compatibility (PK/MW)
)
Package biblatex Info: Trying to load generic definitions...
Package biblatex Info: ... file 'biblatex.def' found.

(C:\Users\Bagus Alifah Hasyim\AppData\Local\Programs\MiKTeX\tex/latex/biblatex\
biblatex.def
File: biblatex.def 2024/03/21 v3.20 biblatex compatibility (PK/MW)
\c@textcitecount=\count481
\c@textcitetotal=\count482
\c@textcitemaxnames=\count483
\c@biburlbigbreakpenalty=\count484
\c@biburlbreakpenalty=\count485
\c@biburlnumpenalty=\count486
\c@biburlucpenalty=\count487
\c@biburllcpenalty=\count488
\biburlbigskip=\muskip19
\biburlnumskip=\muskip20
\biburlucskip=\muskip21
\biburllcskip=\muskip22
\c@smartand=\count489
)
Package biblatex Info: Trying to load bibliography style 'numeric'...
Package biblatex Info: ... file 'numeric.bbx' found.

(C:\Users\Bagus Alifah Hasyim\AppData\Local\Programs\MiKTeX\tex/latex/biblatex/
bbx\numeric.bbx
File: numeric.bbx 2024/03/21 v3.20 biblatex bibliography style (PK/MW)
Package biblatex Info: Trying to load bibliography style 'standard'...
Package biblatex Info: ... file 'standard.bbx' found.

(C:\Users\Bagus Alifah Hasyim\AppData\Local\Programs\MiKTeX\tex/latex/biblatex/
bbx\standard.bbx
File: standard.bbx 2024/03/21 v3.20 biblatex bibliography style (PK/MW)
\c@bbx:relatedcount=\count490
\c@bbx:relatedtotal=\count491
))
Package biblatex Info: Trying to load citation style 'numeric'...
Package biblatex Info: ... file 'numeric.cbx' found.

(C:\Users\Bagus Alifah Hasyim\AppData\Local\Programs\MiKTeX\tex/latex/biblatex/
cbx\numeric.cbx
File: numeric.cbx 2024/03/21 v3.20 biblatex citation style (PK/MW)
Package biblatex Info: Redefining '\cite'.
Package biblatex Info: Redefining '\parencite'.
Package biblatex Info: Redefining '\footcite'.
Package biblatex Info: Redefining '\footcitetext'.
Package biblatex Info: Redefining '\smartcite'.
Package biblatex Info: Redefining '\supercite'.
Package biblatex Info: Redefining '\textcite'.
Package biblatex Info: Redefining '\textcites'.
Package biblatex Info: Redefining '\cites'.
Package biblatex Info: Redefining '\parencites'.
Package biblatex Info: Redefining '\smartcites'.
)
Package biblatex Info: Trying to load configuration file...
Package biblatex Info: ... file 'biblatex.cfg' found.

(C:\Users\Bagus Alifah Hasyim\AppData\Local\Programs\MiKTeX\tex/latex/biblatex\
biblatex.cfg
File: biblatex.cfg 
)
Package biblatex Info: XeTeX detected.
(biblatex)             Assuming input encoding 'utf8'.
Package biblatex Info: Document encoding is UTF8 ....

(C:\Users\Bagus Alifah Hasyim\AppData\Local\Programs\MiKTeX\tex/latex/l3kernel\
expl3.sty
Package: expl3 2025-04-29 L3 programming layer (loader) 

(C:\Users\Bagus Alifah Hasyim\AppData\Local\Programs\MiKTeX\tex/latex/l3backend
\l3backend-xetex.def
File: l3backend-xetex.def 2025-04-14 L3 backend support: XeTeX
\g__graphics_track_int=\count492
\g__pdfannot_backend_int=\count493
\g__pdfannot_backend_link_int=\count494
))
Package biblatex Info: ... and expl3
(biblatex)             2025-04-29 L3 programming layer (loader) 
(biblatex)             is new enough (at least 2020/04/06),
(biblatex)             setting 'casechanger=expl3'.

(C:\Users\Bagus Alifah Hasyim\AppData\Local\Programs\MiKTeX\tex/latex/biblatex\
blx-case-expl3.sty
(C:\Users\Bagus Alifah Hasyim\AppData\Local\Programs\MiKTeX\tex/latex/l3package
s/xparse\xparse.sty
Package: xparse 2024-08-16 L3 Experimental document command parser
)
Package: blx-case-expl3 2024/03/21 v3.20 expl3 case changing code for biblatex
))
\@quotelevel=\count495
\@quotereset=\count496
 (main.aux

LaTeX Warning: Label `eq:J2' multiply defined.

)
\openout1 = `main.aux'.

LaTeX Font Info:    Checking defaults for OML/cmm/m/it on input line 74.
LaTeX Font Info:    ... okay on input line 74.
LaTeX Font Info:    Checking defaults for OMS/cmsy/m/n on input line 74.
LaTeX Font Info:    ... okay on input line 74.
LaTeX Font Info:    Checking defaults for OT1/cmr/m/n on input line 74.
LaTeX Font Info:    ... okay on input line 74.
LaTeX Font Info:    Checking defaults for T1/cmr/m/n on input line 74.
LaTeX Font Info:    ... okay on input line 74.
LaTeX Font Info:    Checking defaults for TS1/cmr/m/n on input line 74.
LaTeX Font Info:    ... okay on input line 74.
LaTeX Font Info:    Checking defaults for TU/lmr/m/n on input line 74.
LaTeX Font Info:    ... okay on input line 74.
LaTeX Font Info:    Checking defaults for OMX/cmex/m/n on input line 74.
LaTeX Font Info:    ... okay on input line 74.
LaTeX Font Info:    Checking defaults for U/cmr/m/n on input line 74.
LaTeX Font Info:    ... okay on input line 74.
LaTeX Font Info:    Checking defaults for PD1/pdf/m/n on input line 74.
LaTeX Font Info:    ... okay on input line 74.
LaTeX Font Info:    Checking defaults for PU/pdf/m/n on input line 74.
LaTeX Font Info:    ... okay on input line 74.

*geometry* driver: auto-detecting
*geometry* detected driver: xetex
*geometry* verbose mode - [ preamble ] result:
* driver: xetex
* paper: <default>
* layout: <same size as paper>
* layoutoffset:(h,v)=(0.0pt,0.0pt)
* modes: 
* h-part:(L,W,R)=(72.26999pt, 469.75502pt, 72.26999pt)
* v-part:(T,H,B)=(72.26999pt, 650.43001pt, 72.26999pt)
* \paperwidth=614.295pt
* \paperheight=794.96999pt
* \textwidth=469.75502pt
* \textheight=650.43001pt
* \oddsidemargin=0.0pt
* \evensidemargin=0.0pt
* \topmargin=-37.0pt
* \headheight=12.0pt
* \headsep=25.0pt
* \topskip=12.0pt
* \footskip=30.0pt
* \marginparwidth=44.0pt
* \marginparsep=10.0pt
* \columnsep=10.0pt
* \skip\footins=10.8pt plus 4.0pt minus 2.0pt
* \hoffset=0.0pt
* \voffset=0.0pt
* \mag=1000
* \@twocolumnfalse
* \@twosidefalse
* \@mparswitchfalse
* \@reversemarginfalse
* (1in=72.27pt=25.4mm, 1cm=28.453pt)

Package caption Info: Begin \AtBeginDocument code.
Package caption Info: float package is loaded.
Package caption Info: hyperref package is loaded.
Package caption Info: listings package is loaded.
Package caption Info: longtable package is loaded.

(C:\Users\Bagus Alifah Hasyim\AppData\Local\Programs\MiKTeX\tex/latex/caption\l
tcaption.sty
Package: ltcaption 2021/01/08 v1.4c longtable captions (AR)
)
Package caption Info: End \AtBeginDocument code.

Package pgfplots notification 'compat/show suggested version=true': document ha
s been generated with the most recent feature set (\pgfplotsset{compat=1.18}).

\c@lstlisting=\count497
Package hyperref Info: Link coloring OFF on input line 74.
(main.out) (main.out)
\@outlinefile=\write5
\openout5 = `main.out'.

Package biblatex Info: Trying to load language 'english'...
Package biblatex Info: ... file 'english.lbx' found.

(C:\Users\Bagus Alifah Hasyim\AppData\Local\Programs\MiKTeX\tex/latex/biblatex/
lbx\english.lbx
File: english.lbx 2024/03/21 v3.20 biblatex localization (PK/MW)
)
Package biblatex Info: XeTeX detected.
(biblatex)             Assuming input encoding 'utf8'.
Package biblatex Info: Automatic encoding selection.
(biblatex)             Assuming data encoding 'utf8'.
\openout4 = `main.bcf'.

Package biblatex Info: Trying to load bibliographic data...
Package biblatex Info: ... file 'main.bbl' found.
 (main.bbl)
Package biblatex Info: Reference section=0 on input line 74.
Package biblatex Info: Reference segment=0 on input line 74.
LaTeX Font Info:    Trying to load font information for U+msa on input line 76.


(C:\Users\Bagus Alifah Hasyim\AppData\Local\Programs\MiKTeX\tex/latex/amsfonts\
umsa.fd
File: umsa.fd 2013/01/14 v3.01 AMS symbols A
)
LaTeX Font Info:    Trying to load font information for U+msb on input line 76.


(C:\Users\Bagus Alifah Hasyim\AppData\Local\Programs\MiKTeX\tex/latex/amsfonts\
umsb.fd
File: umsb.fd 2013/01/14 v3.01 AMS symbols B
)

[1

]
File: images/Q1_Energy.pdf Graphic file (type pdf)
<use images/Q1_Energy.pdf>


[2]
File: images/Q1_StressCalc.pdf Graphic file (type pdf)
<use images/Q1_StressCalc.pdf>
File: images/Q1_Mode.pdf Graphic file (type pdf)
<use images/Q1_Mode.pdf>


[3]

[4]

[5]
File: images/Q3_JIntegral.pdf Graphic file (type pdf)
<use images/Q3_JIntegral.pdf>
File: images/Q3_CTOD.pdf Graphic file (type pdf)
<use images/Q3_CTOD.pdf>


[6]
File: images/Q3_RCurve.pdf Graphic file (type pdf)
<use images/Q3_RCurve.pdf>


[7]
File: images/Q5_CohesiveElement.pdf Graphic file (type pdf)
<use images/Q5_CohesiveElement.pdf>

Overfull \hbox (2.06871pt too wide) in paragraph at lines 314--320
[]  \T1/lmr/m/n/12 The con-sti-tu-tive equa-tion of CZM, which men-tioned pre-v
i-ously, use the traction-separation
 []



[8]
File: images/Q5_TractionSeparation.pdf Graphic file (type pdf)
<use images/Q5_TractionSeparation.pdf>


[9]
File: images/Q6_XFEM.pdf Graphic file (type pdf)
<use images/Q6_XFEM.pdf>


[10]
File: images/Q7_DamageSpecimen.pdf Graphic file (type pdf)
<use images/Q7_DamageSpecimen.pdf>
PGFPlots: reading {Visualization/resources/Case1.txt}
PGFPlots: reading {Visualization/resources/Case1_Damage.txt}

Overfull \hbox (14.56964pt too wide) in paragraph at lines 511--512
 [][] 
 []



[11]

[12]
LaTeX Font Info:    Trying to load font information for T1+lmtt on input line 5
35.

(C:\Users\Bagus Alifah Hasyim\AppData\Local\Programs\MiKTeX\tex/latex/lm\t1lmtt
.fd
File: t1lmtt.fd 2015/05/01 v1.6.1 Font defs for Latin Modern
)

[13]
Missing character: There is no ’ in font ec-lmr12!
Missing character: There is no ’ in font ec-lmr12!


[14]
Missing character: There is no ’ in font ec-lmr12!
Missing character: There is no ’ in font ec-lmr12!

Overfull \vbox (2.39514pt too high) has occurred while \output is active []



[15]
Missing character: There is no ’ in font ec-lmr12!


[16]

[17]
Missing character: There is no ’ in font ec-lmr12!


[18]
Missing character: There is no “ in font ec-lmr12!
Missing character: There is no ” in font ec-lmr12!


[19]

[20] (main.aux)
 ***********
LaTeX2e <2024-11-01> patch level 2
L3 programming layer <2025-04-29>
 ***********


LaTeX Warning: There were multiply-defined labels.

Package rerunfilecheck Info: File `main.out' has not changed.
(rerunfilecheck)             Checksum: 7A54CF379AA6814EAB1BE067498C4944;1587.
Package logreq Info: Writing requests to 'main.run.xml'.
\openout1 = `main.run.xml'.

 ) 
Here is how much of TeX's memory you used:
 46899 strings out of 405039
 1077251 string characters out of 5496419
 2027037 words of memory out of 5000000
 72928 multiletter control sequences out of 15000+600000
 674719 words of font info for 102 fonts, out of 8000000 for 9000
 1348 hyphenation exceptions out of 8191
 84i,17n,96p,1338b,4839s stack positions out of 10000i,1000n,20000p,200000b,200000s

Output written on main.pdf (20 pages).
